build/app/outputs/mapping/release/mapping.txt
# compiler: R8
# compiler_version: 1.5.64
# min_api: 16
# pg_map_id: acdc6c5
...
com.google.android.datatransport.runtime.DaggerTransportRuntimeComponent$Builder -> c.d.a.a.i.d$b:
    android.content.Context setApplicationContext -> a
    com.google.android.datatransport.runtime.TransportRuntimeComponent build() -> a
    com.google.android.datatransport.runtime.DaggerTransportRuntimeComponent$Builder setApplicationContext(android.content.Context) -> a
    com.google.android.datatransport.runtime.TransportRuntimeComponent$Builder setApplicationContext(android.content.Context) -> a
com.google.android.datatransport.runtime.Destination -> c.d.a.a.i.e:
com.google.android.datatransport.runtime.EncodedDestination -> c.d.a.a.i.f:
    java.util.Set getSupportedEncodings() -> a
com.google.android.datatransport.runtime.EncodedPayload -> c.d.a.a.i.g:
    byte[] bytes -> b
    com.google.android.datatransport.Encoding encoding -> a
    byte[] getBytes() -> a
    com.google.android.datatransport.Encoding getEncoding() -> b
com.google.android.datatransport.runtime.EventInternal -> c.d.a.a.i.h:
    java.lang.String get(java.lang.String) -> a
    java.util.Map getAutoMetadata() -> a
    java.lang.Integer getCode() -> b
    int getInteger(java.lang.String) -> b
    com.google.android.datatransport.runtime.EncodedPayload getEncodedPayload() -> c
    long getLong(java.lang.String) -> c
    long getEventMillis() -> d
    java.util.Map getMetadata() -> e
    java.lang.String getTransportName() -> f
    long getUptimeMillis() -> g
    com.google.android.datatransport.runtime.EventInternal$Builder toBuilder() -> h
    com.google.android.datatransport.runtime.EventInternal$Builder builder() -> i
com.google.android.datatransport.runtime.EventInternal$Builder -> c.d.a.a.i.h$a:
    com.google.android.datatransport.runtime.EventInternal$Builder addMetadata(java.lang.String,int) -> a
    com.google.android.datatransport.runtime.EventInternal$Builder addMetadata(java.lang.String,long) -> a
    com.google.android.datatransport.runtime.EventInternal$Builder addMetadata(java.lang.String,java.lang.String) -> a
    com.google.android.datatransport.runtime.EventInternal build() -> a
    com.google.android.datatransport.runtime.EventInternal$Builder setAutoMetadata(java.util.Map) -> a
    com.google.android.datatransport.runtime.EventInternal$Builder setCode(java.lang.Integer) -> a
    com.google.android.datatransport.runtime.EventInternal$Builder setEncodedPayload(com.google.android.datatransport.runtime.EncodedPayload) -> a
    com.google.android.datatransport.runtime.EventInternal$Builder setEventMillis(long) -> a
    com.google.android.datatransport.runtime.EventInternal$Builder setTransportName(java.lang.String) -> a
    java.util.Map getAutoMetadata() -> b
    com.google.android.datatransport.runtime.EventInternal$Builder setUptimeMillis(long) -> b
com.google.android.datatransport.runtime.ExecutionModule -> c.d.a.a.i.i:
    java.util.concurrent.Executor executor() -> a
com.google.android.datatransport.runtime.ExecutionModule_ExecutorFactory -> c.d.a.a.i.j:
    com.google.android.datatransport.runtime.ExecutionModule_ExecutorFactory INSTANCE -> a
    com.google.android.datatransport.runtime.ExecutionModule_ExecutorFactory create() -> a
    java.util.concurrent.Executor executor() -> b
com.google.android.datatransport.runtime.SafeLoggingExecutor -> c.d.a.a.i.k:
    java.util.concurrent.Executor delegate -> a
com.google.android.datatransport.runtime.SafeLoggingExecutor$SafeLoggingRunnable -> c.d.a.a.i.k$a:
    java.lang.Runnable delegate -> b
com.google.android.datatransport.runtime.SendRequest -> c.d.a.a.i.l:
    com.google.android.datatransport.Encoding getEncoding() -> a
    com.google.android.datatransport.Event getEvent() -> b
    byte[] getPayload() -> c
    com.google.android.datatransport.Transformer getTransformer() -> d
    com.google.android.datatransport.runtime.TransportContext getTransportContext() -> e
    java.lang.String getTransportName() -> f
    com.google.android.datatransport.runtime.SendRequest$Builder builder() -> g